==================== Bienvenido a Turismo Argentino ====================

Usuario: Lucas

======================== Promociones adquiridas ========================

El usuario no adquirio ninguna promocion

======================== Atracciones adquiridas ========================

El usuario no adquirio ninguna atraccion

- Total por usuario               0.0 horas                        $0.0

========================================================================

Usuario: Leandro

======================== Promociones adquiridas ========================

El usuario no adquirio ninguna promocion

======================== Atracciones adquiridas ========================

El usuario no adquirio ninguna atraccion

- Total por usuario               0.0 horas                        $0.0

========================================================================

Usuario: Juan

======================== Promociones adquiridas ========================

El usuario no adquirio ninguna promocion

======================== Atracciones adquiridas ========================

El usuario no adquirio ninguna atraccion

- Total por usuario               0.0 horas                        $0.0

========================================================================

