==================== Bienvenido a Turismo Argentino ====================

Usuario: Lucas

======================== Promociones adquiridas ========================

El usuario no adquirio ninguna promocion

======================== Atracciones adquiridas ========================

     Nombre                       Duracion                      Precio                        

     Cataratas Del Iguazu         4.0 horas                     $10000.0                       
     Cerro Catedral               3.5 horas                     $5000.0                        
     Avistamiento Ballenas        3.5 horas                     $4500.0                        
     Ruta Del Vino                5.0 horas                     $2500.0                        

- Total de atracciones            16.0 horas                    $22000.0

- Total por usuario               16.0 horas                    $22000.0

========================================================================

Usuario: Leandro

======================== Promociones adquiridas ========================

     Promocion Nro 1

     Nombre                       Duracion                      Precio                        

     Ruta Del Vino                5.0 horas                     $2500.0                        
     Tafi Del Valle               3.5 horas                     $1463.0                        
     Cata De Chocolate            1.5 horas                     $800.0                         


- Total de promociones            10.0 horas                     $3963.0

======================== Atracciones adquiridas ========================

El usuario no adquirio ninguna atraccion

- Total por usuario               10.0 horas                     $3963.0

========================================================================

Usuario: Juan

======================== Promociones adquiridas ========================

El usuario no adquirio ninguna promocion

======================== Atracciones adquiridas ========================

     Nombre                       Duracion                      Precio                        

     Observatorio Astronomico     2.0 horas                     $800.0                         
     Rafting                      1.0 horas                     $1300.0                        

- Total de atracciones            3.0 horas                     $2100.0

- Total por usuario               3.0 horas                     $2100.0

========================================================================

